<?xml version="1.0" encoding="UTF-8"?>
<!-- Generated by org.testng.reporters.JUnitXMLReporter -->
<testsuite ignored="0" hostname="Kanchans-MacBook-Air.local" failures="0" tests="3" name="Surefire test" time="0.124" errors="0" timestamp="2024-01-03T21:49:35 IST">
  <testcase classname="com.rcs.qa.testcases.WidgetDashboardTest" name="@BeforeMethod setUp" time="0.014">
    <failure type="java.lang.NullPointerException" message="Cannot invoke &amp;quot;String.equals(Object)&amp;quot; because &amp;quot;browserName&amp;quot; is null">
      <![CDATA[java.lang.NullPointerException: Cannot invoke "String.equals(Object)" because "browserName" is null
at com.rcs.qa.base.TestBase.initialization(TestBase.java:40)
at com.rcs.qa.testcases.WidgetDashboardTest.setUp(WidgetDashboardTest.java:32)
at java.base/java.util.ArrayList.forEach(ArrayList.java:1511)
... Removed 36 stack frames]]>
    </failure>
  </testcase> <!-- @BeforeMethod setUp -->
  <testcase classname="com.rcs.qa.testcases.WidgetDashboardTest" name="@AfterMethod tearDown" time="0.0">
    <skipped/>
  </testcase> <!-- @AfterMethod tearDown -->
  <testcase classname="com.rcs.qa.testcases.AddNewCustomerTest" name="@BeforeMethod setUp" time="0.003">
    <failure type="java.lang.NullPointerException" message="Cannot invoke &amp;quot;String.equals(Object)&amp;quot; because &amp;quot;browserName&amp;quot; is null">
      <![CDATA[java.lang.NullPointerException: Cannot invoke "String.equals(Object)" because "browserName" is null
at com.rcs.qa.base.TestBase.initialization(TestBase.java:40)
at com.rcs.qa.testcases.AddNewCustomerTest.setUp(AddNewCustomerTest.java:29)
at java.base/java.util.ArrayList.forEach(ArrayList.java:1511)
... Removed 36 stack frames]]>
    </failure>
  </testcase> <!-- @BeforeMethod setUp -->
  <testcase classname="com.rcs.qa.testcases.AddNewCustomerTest" name="@AfterMethod tearDown" time="0.0">
    <skipped/>
  </testcase> <!-- @AfterMethod tearDown -->
  <testcase classname="com.rcs.qa.testcases.LoginTest" name="@BeforeMethod setUp" time="0.001">
    <failure type="java.lang.NullPointerException" message="Cannot invoke &amp;quot;String.equals(Object)&amp;quot; because &amp;quot;browserName&amp;quot; is null">
      <![CDATA[java.lang.NullPointerException: Cannot invoke "String.equals(Object)" because "browserName" is null
at com.rcs.qa.base.TestBase.initialization(TestBase.java:40)
at com.rcs.qa.testcases.LoginTest.setUp(LoginTest.java:28)
at java.base/java.util.ArrayList.forEach(ArrayList.java:1511)
... Removed 36 stack frames]]>
    </failure>
  </testcase> <!-- @BeforeMethod setUp -->
  <testcase classname="com.rcs.qa.testcases.LoginTest" name="@AfterMethod tearDown" time="0.0">
    <skipped/>
  </testcase> <!-- @AfterMethod tearDown -->
  <testcase classname="com.rcs.qa.testcases.WidgetDashboardTest" name="clickOnAddNewCustomerButton" time="0.0">
    <skipped/>
  </testcase> <!-- clickOnAddNewCustomerButton -->
  <testcase classname="com.rcs.qa.testcases.AddNewCustomerTest" name="addNewCustomer" time="0.0">
    <skipped/>
  </testcase> <!-- addNewCustomer -->
  <testcase classname="com.rcs.qa.testcases.LoginTest" name="employeeLogin" time="0.0">
    <skipped/>
  </testcase> <!-- employeeLogin -->
</testsuite> <!-- Surefire test -->
